[2015-12-14 15:04:29,948] ZGC-20131016EVA/INFO/stdout: F:\GitHub\locust\cases\locustfile.py
[2015-12-14 15:04:29,948] ZGC-20131016EVA/INFO/stdout: 
[2015-12-14 15:04:29,950] ZGC-20131016EVA/INFO/__main__: Starting Locust 0.7.3
[2015-12-14 15:04:29,950] ZGC-20131016EVA/INFO/runners: Hatching and swarming 100 clients at the rate 10 clients/s...
[2015-12-14 15:04:29,956] ZGC-20131016EVA/INFO/stdout: ready to request acs server
[2015-12-14 15:04:29,956] ZGC-20131016EVA/INFO/stdout: 
[2015-12-14 15:04:30,052] ZGC-20131016EVA/INFO/stdout: ready to request acs server
[2015-12-14 15:04:30,052] ZGC-20131016EVA/INFO/stdout: 
[2015-12-14 15:04:30,151] ZGC-20131016EVA/INFO/stdout: ready to request acs server
[2015-12-14 15:04:30,151] ZGC-20131016EVA/INFO/stdout: 
[2015-12-14 15:04:30,252] ZGC-20131016EVA/INFO/stdout: ready to request acs server
[2015-12-14 15:04:30,253] ZGC-20131016EVA/INFO/stdout: 
[2015-12-14 15:04:30,351] ZGC-20131016EVA/INFO/stdout: ready to request acs server
[2015-12-14 15:04:30,351] ZGC-20131016EVA/INFO/stdout: 
[2015-12-14 15:04:30,451] ZGC-20131016EVA/INFO/stdout: ready to request acs server
[2015-12-14 15:04:30,451] ZGC-20131016EVA/INFO/stdout: 
[2015-12-14 15:04:30,552] ZGC-20131016EVA/INFO/stdout: ready to request acs server
[2015-12-14 15:04:30,552] ZGC-20131016EVA/INFO/stdout: 
[2015-12-14 15:04:30,651] ZGC-20131016EVA/INFO/stdout: ready to request acs server
[2015-12-14 15:04:30,651] ZGC-20131016EVA/INFO/stdout: 
[2015-12-14 15:04:30,752] ZGC-20131016EVA/INFO/stdout: ready to request acs server
[2015-12-14 15:04:30,752] ZGC-20131016EVA/INFO/stdout: 
[2015-12-14 15:04:30,851] ZGC-20131016EVA/INFO/stdout: ready to request acs server
[2015-12-14 15:04:30,851] ZGC-20131016EVA/INFO/stdout: 
[2015-12-14 15:04:30,953] ZGC-20131016EVA/INFO/stdout: ready to request acs server
[2015-12-14 15:04:30,953] ZGC-20131016EVA/INFO/stdout: 
[2015-12-14 15:04:31,052] ZGC-20131016EVA/INFO/stdout: ready to request acs server
[2015-12-14 15:04:31,052] ZGC-20131016EVA/INFO/stdout: 
[2015-12-14 15:04:31,153] ZGC-20131016EVA/INFO/stdout: ready to request acs server
[2015-12-14 15:04:31,153] ZGC-20131016EVA/INFO/stdout: 
[2015-12-14 15:04:31,253] ZGC-20131016EVA/INFO/stdout: ready to request acs server
[2015-12-14 15:04:31,253] ZGC-20131016EVA/INFO/stdout: 
[2015-12-14 15:04:31,352] ZGC-20131016EVA/INFO/stdout: ready to request acs server
[2015-12-14 15:04:31,352] ZGC-20131016EVA/INFO/stdout: 
[2015-12-14 15:04:31,453] ZGC-20131016EVA/INFO/stdout: ready to request acs server
[2015-12-14 15:04:31,453] ZGC-20131016EVA/INFO/stdout: 
[2015-12-14 15:04:31,552] ZGC-20131016EVA/INFO/stdout: ready to request acs server
[2015-12-14 15:04:31,552] ZGC-20131016EVA/INFO/stdout: 
[2015-12-14 15:04:31,653] ZGC-20131016EVA/INFO/stdout: ready to request acs server
[2015-12-14 15:04:31,653] ZGC-20131016EVA/INFO/stdout: 
[2015-12-14 15:04:31,753] ZGC-20131016EVA/INFO/stdout: ready to request acs server
[2015-12-14 15:04:31,753] ZGC-20131016EVA/INFO/stdout: 
[2015-12-14 15:04:31,852] ZGC-20131016EVA/INFO/stdout: ready to request acs server
[2015-12-14 15:04:31,854] ZGC-20131016EVA/INFO/stdout: 
[2015-12-14 15:04:31,953] ZGC-20131016EVA/INFO/stdout: ready to request acs server
[2015-12-14 15:04:31,953] ZGC-20131016EVA/INFO/stdout: 
[2015-12-14 15:04:32,052] ZGC-20131016EVA/INFO/stdout: ready to request acs server
[2015-12-14 15:04:32,052] ZGC-20131016EVA/INFO/stdout: 
[2015-12-14 15:04:32,153] ZGC-20131016EVA/INFO/stdout: ready to request acs server
[2015-12-14 15:04:32,153] ZGC-20131016EVA/INFO/stdout: 
[2015-12-14 15:04:32,253] ZGC-20131016EVA/INFO/stdout: ready to request acs server
[2015-12-14 15:04:32,253] ZGC-20131016EVA/INFO/stdout: 
[2015-12-14 15:04:32,352] ZGC-20131016EVA/INFO/stdout: ready to request acs server
[2015-12-14 15:04:32,352] ZGC-20131016EVA/INFO/stdout: 
[2015-12-14 15:04:32,453] ZGC-20131016EVA/INFO/stdout: ready to request acs server
[2015-12-14 15:04:32,453] ZGC-20131016EVA/INFO/stdout: 
[2015-12-14 15:04:32,552] ZGC-20131016EVA/INFO/stdout: ready to request acs server
[2015-12-14 15:04:32,552] ZGC-20131016EVA/INFO/stdout: 
[2015-12-14 15:04:32,653] ZGC-20131016EVA/INFO/stdout: ready to request acs server
[2015-12-14 15:04:32,653] ZGC-20131016EVA/INFO/stdout: 
[2015-12-14 15:17:03,924] ZGC-20131016EVA/INFO/stdout: F:\GitHub\locust\cases
[2015-12-14 15:17:03,924] ZGC-20131016EVA/INFO/stdout: 
[2015-12-14 15:17:03,924] ZGC-20131016EVA/ERROR/__main__: No Locust class found!
[2015-12-14 15:17:17,142] ZGC-20131016EVA/INFO/stdout: F:\GitHub\locust\cases
[2015-12-14 15:17:17,142] ZGC-20131016EVA/INFO/stdout: 
[2015-12-14 15:17:17,144] ZGC-20131016EVA/ERROR/__main__: No Locust class found!
[2015-12-14 15:17:45,203] ZGC-20131016EVA/INFO/stdout: F:\GitHub\locust\cases\locustfile.py
[2015-12-14 15:17:45,203] ZGC-20131016EVA/INFO/stdout: 
[2015-12-14 15:17:45,206] ZGC-20131016EVA/INFO/__main__: Starting Locust 0.7.3
[2015-12-14 15:17:45,206] ZGC-20131016EVA/INFO/runners: Hatching and swarming 100 clients at the rate 10 clients/s...
[2015-12-14 15:17:45,210] ZGC-20131016EVA/INFO/stdout: ready to request acs server
[2015-12-14 15:17:45,210] ZGC-20131016EVA/INFO/stdout: 
[2015-12-14 15:17:45,305] ZGC-20131016EVA/INFO/stdout: ready to request acs server
[2015-12-14 15:17:45,305] ZGC-20131016EVA/INFO/stdout: 
[2015-12-14 15:17:45,405] ZGC-20131016EVA/INFO/stdout: ready to request acs server
[2015-12-14 15:17:45,405] ZGC-20131016EVA/INFO/stdout: 
[2015-12-14 15:17:45,506] ZGC-20131016EVA/INFO/stdout: ready to request acs server
[2015-12-14 15:17:45,506] ZGC-20131016EVA/INFO/stdout: 
[2015-12-14 15:17:45,605] ZGC-20131016EVA/INFO/stdout: ready to request acs server
[2015-12-14 15:17:45,605] ZGC-20131016EVA/INFO/stdout: 
[2015-12-14 15:17:45,706] ZGC-20131016EVA/INFO/stdout: ready to request acs server
[2015-12-14 15:17:45,706] ZGC-20131016EVA/INFO/stdout: 
[2015-12-14 15:17:45,805] ZGC-20131016EVA/INFO/stdout: ready to request acs server
[2015-12-14 15:17:45,805] ZGC-20131016EVA/INFO/stdout: 
[2015-12-14 15:17:45,905] ZGC-20131016EVA/INFO/stdout: ready to request acs server
[2015-12-14 15:17:45,905] ZGC-20131016EVA/INFO/stdout: 
[2015-12-14 15:17:46,006] ZGC-20131016EVA/INFO/stdout: ready to request acs server
[2015-12-14 15:17:46,006] ZGC-20131016EVA/INFO/stdout: 
[2015-12-14 15:17:46,105] ZGC-20131016EVA/INFO/stdout: ready to request acs server
[2015-12-14 15:17:46,105] ZGC-20131016EVA/INFO/stdout: 
[2015-12-14 15:17:46,206] ZGC-20131016EVA/INFO/stdout: ready to request acs server
[2015-12-14 15:17:46,206] ZGC-20131016EVA/INFO/stdout: 
[2015-12-14 15:17:46,305] ZGC-20131016EVA/INFO/stdout: ready to request acs server
[2015-12-14 15:17:46,305] ZGC-20131016EVA/INFO/stdout: 
[2015-12-14 15:17:46,405] ZGC-20131016EVA/INFO/stdout: ready to request acs server
[2015-12-14 15:17:46,405] ZGC-20131016EVA/INFO/stdout: 
[2015-12-14 15:17:46,506] ZGC-20131016EVA/INFO/stdout: ready to request acs server
[2015-12-14 15:17:46,506] ZGC-20131016EVA/INFO/stdout: 
[2015-12-14 15:17:46,605] ZGC-20131016EVA/INFO/stdout: ready to request acs server
[2015-12-14 15:17:46,605] ZGC-20131016EVA/INFO/stdout: 
